c:\users\nga\desktop\project\bob7-master\reg\x64\debug\reg.pch
c:\users\nga\desktop\project\bob7-master\reg\x64\debug\vc141.pdb
c:\users\nga\desktop\project\bob7-master\reg\x64\debug\vc141.idb
c:\users\nga\desktop\project\bob7-master\reg\x64\debug\stdafx.obj
c:\users\nga\desktop\project\bob7-master\reg\x64\debug\reg.obj
c:\users\nga\desktop\project\bob7-master\reg\x64\debug\win32utils.obj
c:\users\nga\desktop\project\bob7-master\reg\x64\debug\registryutil.obj
c:\users\nga\desktop\project\bob7-master\reg\x64\debug\log.obj
c:\users\nga\desktop\project\bob7-master\x64\debug\reg.exe
c:\users\nga\desktop\project\bob7-master\x64\debug\reg.ilk
c:\users\nga\desktop\project\bob7-master\x64\debug\reg.pdb
c:\users\nga\desktop\project\bob7-master\reg\x64\debug\vcpkg.applocal.log
c:\users\nga\desktop\project\bob7-master\x64\debug\boost_system-vc141-mt-gd-x64-1_67.dll
c:\users\nga\desktop\project\bob7-master\x64\debug\boost_thread-vc141-mt-gd-x64-1_67.dll
c:\users\nga\desktop\project\bob7-master\x64\debug\boost_date_time-vc141-mt-gd-x64-1_67.dll
c:\users\nga\desktop\project\bob7-master\reg\x64\debug\reg.tlog\cl.command.1.tlog
c:\users\nga\desktop\project\bob7-master\reg\x64\debug\reg.tlog\cl.read.1.tlog
c:\users\nga\desktop\project\bob7-master\reg\x64\debug\reg.tlog\cl.write.1.tlog
c:\users\nga\desktop\project\bob7-master\reg\x64\debug\reg.tlog\link.command.1.tlog
c:\users\nga\desktop\project\bob7-master\reg\x64\debug\reg.tlog\link.read.1.tlog
c:\users\nga\desktop\project\bob7-master\reg\x64\debug\reg.tlog\link.write.1.tlog
c:\users\nga\desktop\project\bob7-master\reg\x64\debug\reg.tlog\reg.write.1u.tlog
